fraig> cirr -r tests.fraig/strash10.aag

fraig> cirp

Circuit Statistics
==================
  PI           2
  PO           1
  AIG          1
------------------
  Total        4

fraig> cirp -n

[0] PI  1
[1] CONST0
[2] AIG 3 1 0
[3] PO  4 3

fraig> cirp -fl
Gates defined but not used  : 2

fraig> cirsw

fraig> cirp

Circuit Statistics
==================
  PI           2
  PO           1
  AIG          1
------------------
  Total        4

fraig> cirp -n

[0] PI  1
[1] CONST0
[2] AIG 3 1 0
[3] PO  4 3

fraig> cirp -fl
Gates defined but not used  : 2

fraig> ciropt
Simplifying: 0 merging 3...

fraig> cirp

Circuit Statistics
==================
  PI           2
  PO           1
  AIG          0
------------------
  Total        3

fraig> cirp -n

[0] CONST0
[1] PO  4 0

fraig> cirp -fl
Gates defined but not used  : 1 2

fraig> cirstr

fraig> cirp

Circuit Statistics
==================
  PI           2
  PO           1
  AIG          0
------------------
  Total        3

fraig> cirp -n

[0] CONST0
[1] PO  4 0

fraig> cirp -fl
Gates defined but not used  : 1 2

fraig> usage
Period time used : 0 seconds
Total time used  : 0 seconds
Total memory used: 0.1758 M Bytes

fraig> q -f

