fraig> cirr -r tests.fraig/strash07.aag

fraig> cirp

Circuit Statistics
==================
  PI           2
  PO           1
  AIG          3
------------------
  Total        6

fraig> cirp -n

[0] PI  1
[1] PI  2
[2] AIG 3 1 2
[3] AIG 4 2 1
[4] AIG 5 3 4
[5] PO  6 5

fraig> cirp -fl

fraig> cirsw

fraig> cirp

Circuit Statistics
==================
  PI           2
  PO           1
  AIG          3
------------------
  Total        6

fraig> cirp -n

[0] PI  1
[1] PI  2
[2] AIG 3 1 2
[3] AIG 4 2 1
[4] AIG 5 3 4
[5] PO  6 5

fraig> cirp -fl

fraig> ciropt

fraig> cirp

Circuit Statistics
==================
  PI           2
  PO           1
  AIG          3
------------------
  Total        6

fraig> cirp -n

[0] PI  1
[1] PI  2
[2] AIG 3 1 2
[3] AIG 4 2 1
[4] AIG 5 3 4
[5] PO  6 5

fraig> cirp -fl

fraig> cirstr
Strashing: 3 merging 4...

fraig> cirp

Circuit Statistics
==================
  PI           2
  PO           1
  AIG          2
------------------
  Total        5

fraig> cirp -n

[0] PI  1
[1] PI  2
[2] AIG 3 1 2
[3] AIG 5 3 3
[4] PO  6 5

fraig> cirp -fl

fraig> usage
Period time used : 0 seconds
Total time used  : 0 seconds
Total memory used: 0.1367 M Bytes

fraig> q -f

